<?xml version="1.0" encoding="UTF-8"?>
<testng-results skipped="0" failed="0" ignored="0" total="1" passed="1">
  <reporter-output>
  </reporter-output>
  <suite name="Default suite" duration-ms="35" started-at="2023-03-21T13:43:57 IST" finished-at="2023-03-21T13:43:57 IST">
    <groups>
    </groups>
    <test name="Default test" duration-ms="35" started-at="2023-03-21T13:43:57 IST" finished-at="2023-03-21T13:43:57 IST">
      <class name="practice.Practice">
        <test-method status="PASS" signature="sample()[pri:0, instance:practice.Practice@7494e528]" name="sample" duration-ms="7" started-at="2023-03-21T13:43:57 IST" finished-at="2023-03-21T13:43:57 IST">
          <reporter-output>
          </reporter-output>
        </test-method> <!-- sample -->
      </class> <!-- practice.Practice -->
    </test> <!-- Default test -->
  </suite> <!-- Default suite -->
</testng-results>
